app/build/intermediates/manifest_merge_blame_file/debug/manifest-merger-blame-debug-report.txt
1<?xml version="1.0" encoding="utf-8"?>
2<manifest xmlns:android="http://schemas.android.com/apk/res/android"
3    package="com.example.noteasap"
4    android:versionCode="1"
5    android:versionName="1.0" >
6
7    <uses-sdk
8        android:minSdkVersion="26"
8-->src\main\AndroidManifest.xml
9        android:targetSdkVersion="30" />
9-->src\main\AndroidManifest.xml
10
11    <uses-permission android:name="android.permission.INTERNET" />
11-->src\main\AndroidManifest.xml:6:5-67
11-->src\main\AndroidManifest.xml:6:22-64
12    <uses-permission android:name="android.permission.CAMERA" />
12-->src\main\AndroidManifest.xml:7:5-65
12-->src\main\AndroidManifest.xml:7:22-62
13    <uses-permission android:name="android.permission.READ_EXTERNAL_STORAGE" />
13-->src\main\AndroidManifest.xml:8:5-80
13-->src\main\AndroidManifest.xml:8:22-77
14    <uses-permission android:name="android.permission.WRITE_INTERNAL_STORAGE" />
14-->src\main\AndroidManifest.xml:9:5-81
14-->src\main\AndroidManifest.xml:9:22-78
15    <uses-permission android:name="android.permission.READ_INTERNAL_STORAGE" />
15-->src\main\AndroidManifest.xml:10:5-80
15-->src\main\AndroidManifest.xml:10:22-77
16
17    <application
17-->src\main\AndroidManifest.xml:12:5-41:19
18        android:allowBackup="true"
18-->src\main\AndroidManifest.xml:13:9-35
19        android:appComponentFactory="androidx.core.app.CoreComponentFactory"
19-->[androidx.core:core:1.3.2] AndroidManifest.xml:24:18-86
20        android:debuggable="true"
21        android:extractNativeLibs="false"
22        android:icon="@mipmap/ic_launcher"
22-->src\main\AndroidManifest.xml:14:9-43
23        android:label="@string/app_name"
23-->src\main\AndroidManifest.xml:15:9-41
24        android:roundIcon="@mipmap/ic_launcher_round"
24-->src\main\AndroidManifest.xml:16:9-54
25        android:supportsRtl="true"
25-->src\main\AndroidManifest.xml:17:9-35
26        android:theme="@style/Theme.NoteAsap"
26-->src\main\AndroidManifest.xml:18:9-46
27        android:usesCleartextTraffic="true" >
27-->src\main\AndroidManifest.xml:19:9-44
28        <activity android:name="com.example.noteasap.ui.content.contentForBookmarkednote.ContentActivityForBookmark" />
28-->src\main\AndroidManifest.xml:21:9-109
28-->src\main\AndroidManifest.xml:21:19-97
29        <activity android:name="com.example.noteasap.ImageUploadActivity" />
29-->src\main\AndroidManifest.xml:22:9-57
29-->src\main\AndroidManifest.xml:22:19-54
30        <activity android:name="com.example.noteasap.ui.pupup.message.MessageActivity" />
30-->src\main\AndroidManifest.xml:23:9-70
30-->src\main\AndroidManifest.xml:23:19-67
31        <activity android:name="com.example.noteasap.ui.pupup.editProfile.EditProfileActivity" />
31-->src\main\AndroidManifest.xml:24:9-78
31-->src\main\AndroidManifest.xml:24:19-75
32        <activity
32-->src\main\AndroidManifest.xml:25:9-28:65
33            android:name="com.example.noteasap.ui.content.contentForNote.ContentActivity"
33-->src\main\AndroidManifest.xml:26:13-70
34            android:label="@string/title_activity_bookmark_content"
34-->src\main\AndroidManifest.xml:27:13-68
35            android:theme="@style/Theme.NoteAsap.NoActionBar" />
35-->src\main\AndroidManifest.xml:28:13-62
36        <activity android:name="com.example.noteasap.ui.uploadNotes.UploadNotesActivity" />
36-->src\main\AndroidManifest.xml:29:9-72
36-->src\main\AndroidManifest.xml:29:19-69
37        <activity android:name="com.example.noteasap.ui.signUpViewModel.SignUpActivity" />
37-->src\main\AndroidManifest.xml:30:9-71
37-->src\main\AndroidManifest.xml:30:19-68
38        <activity android:name="com.example.noteasap.ui.login.LoginActivity" />
38-->src\main\AndroidManifest.xml:31:9-60
38-->src\main\AndroidManifest.xml:31:19-57
39        <activity android:name="com.example.noteasap.ui.thirdActivity.Third_Activity" />
39-->src\main\AndroidManifest.xml:32:9-69
39-->src\main\AndroidManifest.xml:32:19-66
40        <activity android:name="com.example.noteasap.SecondActivity" />
40-->src\main\AndroidManifest.xml:33:9-52
40-->src\main\AndroidManifest.xml:33:19-49
41        <activity android:name="com.example.noteasap.SplashActivity" >
41-->src\main\AndroidManifest.xml:34:9-40:20
41-->src\main\AndroidManifest.xml:34:19-49
42            <intent-filter>
42-->src\main\AndroidManifest.xml:35:13-39:29
43                <action android:name="android.intent.action.MAIN" />
43-->src\main\AndroidManifest.xml:36:17-69
43-->src\main\AndroidManifest.xml:36:25-66
44
45                <category android:name="android.intent.category.LAUNCHER" />
45-->src\main\AndroidManifest.xml:38:17-77
45-->src\main\AndroidManifest.xml:38:27-74
46            </intent-filter>
47        </activity>
48
49        <service
49-->[androidx.room:room-runtime:2.2.6] AndroidManifest.xml:25:9-28:40
50            android:name="androidx.room.MultiInstanceInvalidationService"
50-->[androidx.room:room-runtime:2.2.6] AndroidManifest.xml:26:13-74
51            android:directBootAware="true"
51-->[androidx.room:room-runtime:2.2.6] AndroidManifest.xml:27:13-43
52            android:exported="false" />
52-->[androidx.room:room-runtime:2.2.6] AndroidManifest.xml:28:13-37
53    </application>
54
55</manifest>